Save database : Modification by user
Save repository element : IATI MySql database : Modification by user
Save repository element : IATI : Creation of initial version
Save database : Modification by user
Save repository element : IATI : Modification by user
Save repository element : iati 2 : Creation of initial version
Save repository element : IATI_database : Creation of initial version
Save database : Modification by user
Save repository element : IATI_database : Modification by user
Save database : Modification by user
Save repository element : IATI_database : Modification by user
Save database : Modification by user
Save repository element : IATI_database : Modification by user
Save database : Modification by user
Save repository element : IATI_database : Modification by user
Save database : Modification by user
Save repository element : IATI_database : Modification by user
Save database : Modification by user
Save repository element : IATI_database : Modification by user
Save database : Modification by user
Save repository element : IATI_database : Modification by user
Save database : Modification by user
Save repository element : IATI_database : Modification by user
Save database : Modification by user
Save repository element : IATI_database : Modification by user
Save database : Modification by user
Save repository element : IATI_database : Modification by user
Rename job : Renamed from Job partition publishers to Job partition publisher database
Save repository element : IATI_logging : Creation of initial version
Save database : Modification by user
Save repository element : IATI_database : Modification by user
Save database : Modification by user
Save repository element : IATI_logging : Modification by user
Save database : Modification by user
Save repository element : IATI_database : Modification by user
Save database : Modification by user
Save repository element : IATI_logging : Modification by user
Save database : Modification by user
Save repository element : IATI_logging : Modification by user
Save database : Modification by user
Save repository element : IATI_logging : Modification by user
Save database : Modification by user
Save repository element : IATI_logging : Modification by user
Save database : Modification by user
Save repository element : IATI_logging : Modification by user
Save database : Modification by user
Save repository element : IATI_logging : Modification by user
Save database : Modification by user
Save repository element : IATI_logging : Modification by user
Save database : Modification by user
Save repository element : IATI_logging : Modification by user
Save database : Modification by user
Save repository element : IATI_logging : Modification by user
Save database : Modification by user
Save repository element : IATI_logging : Modification by user
Save database : Modification by user
Save repository element : IATI_logging : Modification by user
Save database : Modification by user
Save repository element : IATI_logging : Modification by user
Save database : Modification by user
Save repository element : IATI_logging : Modification by user
Save database : Modification by user
Save repository element : IATI_logging : Modification by user
Save database : Modification by user
Save repository element : IATI_logging : Modification by user
Save database : Modification by user
Save repository element : IATI_logging : Modification by user
Save database : Modification by user
Save repository element : IATI_logging : Modification by user
Save database : Modification by user
Save repository element : IATI_logging : Modification by user
Save database : Modification by user
Save repository element : IATI_logging : Modification by user
Save repository element : IATI_staging : Creation of initial version
Save database : Modification by user
Save repository element : IATI_staging : Modification by user
Save database : Modification by user
Save repository element : IATI_staging : Modification by user
Save repository element : IATI_reference : Creation of initial version
Save repository element : IATI_datamart : Creation of initial version
Rename transformation : Renamed from Execute drop partition statement for one table to Execute drop partition SQL for one table
Rename transformation : Renamed from Get filename from url to Get filename from url.old
Rename transformation : Renamed from Get yearly ECB rates to Get yearly ECB rates.old
Rename transformation : Renamed from Make parent child list other.old to Make parent child list other
Save database : Modification by user
Save repository element : IATI_logging : Modification by user
Save database : Modification by user
Save repository element : IATI_logging : Modification by user
Save database : Modification by user
Save repository element : IATI_logging : Modification by user
Rename transformation : Renamed from XSD validation to XSD validation.old
Rename transformation : Renamed from Get valid SVRL MD5 list to Get valid SVRL MD5 list.old
Rename transformation : Renamed from Purge publisher error log to Set purge flag in publisher err log
Rename job : Renamed from Validate IATI files by publisher to Validate one IATI file
Rename job : Renamed from Validate one IATI file to Extended validation
